<?xml version="1.0" encoding="UTF-8"?>
<!-- Generated by org.testng.reporters.JUnitReportReporter -->
<testsuite hostname="sys" failures="0" tests="8" name="com.gp.AutomationUI.UsersSearchTest" time="2.429" errors="0" timestamp="2020-10-28T16:32:06 EDT" skipped="0">
  <testcase classname="com.gp.AutomationUI.UsersSearchTest" name="checkPageExistsTest" time="0.010"/>
  <system-out/>
  <testcase classname="com.gp.AutomationUI.UsersSearchTest" name="checkUsernameDropdownDisplayedTest" time="0.051"/>
  <system-out/>
  <testcase classname="com.gp.AutomationUI.UsersSearchTest" name="checkUserNameReadWriteTest" time="0.150"/>
  <system-out/>
  <testcase classname="com.gp.AutomationUI.UsersSearchTest" name="checkemailReadWriteTest" time="0.161"/>
  <system-out/>
  <testcase classname="com.gp.AutomationUI.UsersSearchTest" name="checkToDateReadWriteTest" time="0.149"/>
  <system-out/>
  <testcase classname="com.gp.AutomationUI.UsersSearchTest" name="checkFromDateReadWriteTest" time="0.197"/>
  <system-out/>
  <testcase classname="com.gp.AutomationUI.UsersSearchTest" name="ApplyFiltersTest" time="0.803"/>
  <system-out/>
  <testcase classname="com.gp.AutomationUI.UsersSearchTest" name="clearFiltersTest" time="0.908"/>
  <system-out/>
</testsuite> <!-- com.gp.AutomationUI.UsersSearchTest -->
