<?xml version="1.0" encoding="UTF-8"?>
<!-- Generated by org.testng.reporters.JUnitReportReporter -->
<testsuite hostname="sys" failures="0" tests="1" name="com.gp.AutomationUI.AppTest" time="0.016" errors="0" timestamp="2020-10-27T11:13:10 EDT" skipped="0">
  <testcase classname="com.gp.AutomationUI.AppTest" name="shouldAnswerWithTrue" time="0.016"/>
  <system-out/>
</testsuite> <!-- com.gp.AutomationUI.AppTest -->
